I, [2016-09-08T15:07:58.906329 #9188]  INFO -- default-centos-67: -----> Converging <default-centos-67>...
I, [2016-09-08T15:07:58.923333 #9188]  INFO -- default-centos-67: Preparing files for transfer
I, [2016-09-08T15:07:58.923833 #9188]  INFO -- default-centos-67: Preparing dna.json
I, [2016-09-08T15:07:58.927834 #9188]  INFO -- default-centos-67: Resolving cookbook dependencies with Berkshelf 4.3.5...
I, [2016-09-08T15:08:28.073662 #9188]  INFO -- default-centos-67: Removing non-cookbook files before transfer
I, [2016-09-08T15:08:28.094166 #9188]  INFO -- default-centos-67: Preparing data
I, [2016-09-08T15:08:28.109169 #9188]  INFO -- default-centos-67: Preparing validation.pem
I, [2016-09-08T15:08:28.145676 #9188]  INFO -- default-centos-67: Preparing client.rb
I, [2016-09-08T15:08:28.918331 #9188]  INFO -- default-centos-67: -----> Chef Omnibus installation detected (install only if missing)
I, [2016-09-08T15:08:29.083864 #9188]  INFO -- default-centos-67: Transferring files to <default-centos-67>
I, [2016-09-08T15:08:36.145776 #9188]  INFO -- default-centos-67: Starting Chef Client, version 12.13.37
I, [2016-09-08T15:08:43.118670 #9188]  INFO -- default-centos-67: resolving cookbooks for run list: ["tomcat::default"]
I, [2016-09-08T15:08:43.465239 #9188]  INFO -- default-centos-67: Synchronizing Cookbooks:
I, [2016-09-08T15:08:43.497746 #9188]  INFO -- default-centos-67:   - tomcat (7.0.0)
I, [2016-09-08T15:08:43.497746 #9188]  INFO -- default-centos-67: Installing Cookbook Gems:
I, [2016-09-08T15:08:43.511249 #9188]  INFO -- default-centos-67: Compiling Cookbooks...
I, [2016-09-08T15:08:43.554757 #9188]  INFO -- default-centos-67: Converging 12 resources
I, [2016-09-08T15:08:43.558758 #9188]  INFO -- default-centos-67: Recipe: tomcat::default
I, [2016-09-08T15:08:45.037554 #9188]  INFO -- default-centos-67:   * remote_file[/tmp/apache-tomcat-7.0.27.tar.gz] action create[2016-09-08T09:38:45+00:00] ERROR: Connection refused connecting to http://archive.apache.org/dist/tomcat/tomcat-7/v7.0.27/bin/apache-tomcat-7.0.27.tar.gz, retry 1/5
I, [2016-09-08T15:08:51.064759 #9188]  INFO -- default-centos-67: [2016-09-08T09:38:51+00:00] ERROR: Connection refused connecting to http://archive.apache.org/dist/tomcat/tomcat-7/v7.0.27/bin/apache-tomcat-7.0.27.tar.gz, retry 2/5
I, [2016-09-08T15:08:57.091964 #9188]  INFO -- default-centos-67: [2016-09-08T09:38:57+00:00] ERROR: Connection refused connecting to http://archive.apache.org/dist/tomcat/tomcat-7/v7.0.27/bin/apache-tomcat-7.0.27.tar.gz, retry 3/5
I, [2016-09-08T15:09:03.129672 #9188]  INFO -- default-centos-67: [2016-09-08T09:39:03+00:00] ERROR: Connection refused connecting to http://archive.apache.org/dist/tomcat/tomcat-7/v7.0.27/bin/apache-tomcat-7.0.27.tar.gz, retry 4/5
I, [2016-09-08T15:09:09.166879 #9188]  INFO -- default-centos-67: [2016-09-08T09:39:09+00:00] ERROR: Connection refused connecting to http://archive.apache.org/dist/tomcat/tomcat-7/v7.0.27/bin/apache-tomcat-7.0.27.tar.gz, retry 5/5
I, [2016-09-08T15:09:19.365418 #9188]  INFO -- default-centos-67: [2016-09-08T09:39:19+00:00] WARN: remote_file[/tmp/apache-tomcat-7.0.27.tar.gz] cannot be downloaded from http://archive.apache.org/dist/tomcat/tomcat-7/v7.0.27/bin/apache-tomcat-7.0.27.tar.gz: Connection refused - Connection refused connecting to http://archive.apache.org/dist/tomcat/tomcat-7/v7.0.27/bin/apache-tomcat-7.0.27.tar.gz, giving up
I, [2016-09-08T15:09:19.375420 #9188]  INFO -- default-centos-67: 
I, [2016-09-08T15:09:19.375920 #9188]  INFO -- default-centos-67:     
I, [2016-09-08T15:09:19.375920 #9188]  INFO -- default-centos-67:     ================================================================================
I, [2016-09-08T15:09:19.375920 #9188]  INFO -- default-centos-67:     Error executing action `create` on resource 'remote_file[/tmp/apache-tomcat-7.0.27.tar.gz]'
I, [2016-09-08T15:09:19.375920 #9188]  INFO -- default-centos-67:     ================================================================================
I, [2016-09-08T15:09:19.375920 #9188]  INFO -- default-centos-67:     
I, [2016-09-08T15:09:19.406426 #9188]  INFO -- default-centos-67:     Errno::ECONNREFUSED
I, [2016-09-08T15:09:19.406926 #9188]  INFO -- default-centos-67:     -------------------
I, [2016-09-08T15:09:19.406926 #9188]  INFO -- default-centos-67:     Connection refused - Connection refused connecting to http://archive.apache.org/dist/tomcat/tomcat-7/v7.0.27/bin/apache-tomcat-7.0.27.tar.gz, giving up
I, [2016-09-08T15:09:19.406926 #9188]  INFO -- default-centos-67:     
I, [2016-09-08T15:09:19.406926 #9188]  INFO -- default-centos-67:     Resource Declaration:
I, [2016-09-08T15:09:19.406926 #9188]  INFO -- default-centos-67:     ---------------------
I, [2016-09-08T15:09:19.406926 #9188]  INFO -- default-centos-67:     # In /tmp/kitchen/cache/cookbooks/tomcat/recipes/default.rb
I, [2016-09-08T15:09:19.406926 #9188]  INFO -- default-centos-67:     
I, [2016-09-08T15:09:19.406926 #9188]  INFO -- default-centos-67:      18: remote_file "/tmp/#{tc7tarball}" do
I, [2016-09-08T15:09:19.407426 #9188]  INFO -- default-centos-67:      19:     source "#{tc7url}"
I, [2016-09-08T15:09:19.407426 #9188]  INFO -- default-centos-67:      20:     mode "0644"
I, [2016-09-08T15:09:19.407426 #9188]  INFO -- default-centos-67:      21: 	action :create
I, [2016-09-08T15:09:19.407426 #9188]  INFO -- default-centos-67:      22: end
I, [2016-09-08T15:09:19.407927 #9188]  INFO -- default-centos-67:      23: 
I, [2016-09-08T15:09:19.407927 #9188]  INFO -- default-centos-67:     
I, [2016-09-08T15:09:19.407927 #9188]  INFO -- default-centos-67:     Compiled Resource:
I, [2016-09-08T15:09:19.407927 #9188]  INFO -- default-centos-67:     ------------------
I, [2016-09-08T15:09:19.407927 #9188]  INFO -- default-centos-67:     # Declared in /tmp/kitchen/cache/cookbooks/tomcat/recipes/default.rb:18:in `from_file'
I, [2016-09-08T15:09:19.407927 #9188]  INFO -- default-centos-67:     
I, [2016-09-08T15:09:19.407927 #9188]  INFO -- default-centos-67:     remote_file("/tmp/apache-tomcat-7.0.27.tar.gz") do
I, [2016-09-08T15:09:19.408427 #9188]  INFO -- default-centos-67:       provider Chef::Provider::RemoteFile
I, [2016-09-08T15:09:19.408427 #9188]  INFO -- default-centos-67:       action [:create]
I, [2016-09-08T15:09:19.408427 #9188]  INFO -- default-centos-67:       retries 0
I, [2016-09-08T15:09:19.408427 #9188]  INFO -- default-centos-67:       retry_delay 2
I, [2016-09-08T15:09:19.408927 #9188]  INFO -- default-centos-67:       default_guard_interpreter :default
I, [2016-09-08T15:09:19.408927 #9188]  INFO -- default-centos-67:       source ["http://archive.apache.org/dist/tomcat/tomcat-7/v7.0.27/bin/apache-tomcat-7.0.27.tar.gz"]
I, [2016-09-08T15:09:19.408927 #9188]  INFO -- default-centos-67:       use_etag true
I, [2016-09-08T15:09:19.408927 #9188]  INFO -- default-centos-67:       use_last_modified true
I, [2016-09-08T15:09:19.408927 #9188]  INFO -- default-centos-67:       declared_type :remote_file
I, [2016-09-08T15:09:19.408927 #9188]  INFO -- default-centos-67:       cookbook_name "tomcat"
I, [2016-09-08T15:09:19.408927 #9188]  INFO -- default-centos-67:       recipe_name "default"
I, [2016-09-08T15:09:19.408927 #9188]  INFO -- default-centos-67:       mode "0644"
I, [2016-09-08T15:09:19.408927 #9188]  INFO -- default-centos-67:       atomic_update true
I, [2016-09-08T15:09:19.409427 #9188]  INFO -- default-centos-67:       path "/tmp/apache-tomcat-7.0.27.tar.gz"
I, [2016-09-08T15:09:19.409427 #9188]  INFO -- default-centos-67:     end
I, [2016-09-08T15:09:19.409427 #9188]  INFO -- default-centos-67:     
I, [2016-09-08T15:09:19.409427 #9188]  INFO -- default-centos-67:     Platform:
I, [2016-09-08T15:09:19.665478 #9188]  INFO -- default-centos-67:     ---------
I, [2016-09-08T15:09:19.667478 #9188]  INFO -- default-centos-67:     x86_64-linux
I, [2016-09-08T15:09:19.667478 #9188]  INFO -- default-centos-67:     
I, [2016-09-08T15:09:19.689983 #9188]  INFO -- default-centos-67: 
I, [2016-09-08T15:09:19.689983 #9188]  INFO -- default-centos-67: Running handlers:
I, [2016-09-08T15:09:19.689983 #9188]  INFO -- default-centos-67: [2016-09-08T09:39:19+00:00] ERROR: Running exception handlers
I, [2016-09-08T15:09:19.689983 #9188]  INFO -- default-centos-67: Running handlers complete
I, [2016-09-08T15:09:19.689983 #9188]  INFO -- default-centos-67: [2016-09-08T09:39:19+00:00] ERROR: Exception handlers complete
I, [2016-09-08T15:09:19.721489 #9188]  INFO -- default-centos-67: Chef Client failed. 0 resources updated in 43 seconds
I, [2016-09-08T15:09:19.727490 #9188]  INFO -- default-centos-67: [2016-09-08T09:39:19+00:00] FATAL: Stacktrace dumped to /tmp/kitchen/cache/chef-stacktrace.out
I, [2016-09-08T15:09:19.730991 #9188]  INFO -- default-centos-67: [2016-09-08T09:39:19+00:00] FATAL: Please provide the contents of the stacktrace.out file if you file a bug report
I, [2016-09-08T15:09:19.730991 #9188]  INFO -- default-centos-67: [2016-09-08T09:39:19+00:00] ERROR: remote_file[/tmp/apache-tomcat-7.0.27.tar.gz] (tomcat::default line 18) had an error: Errno::ECONNREFUSED: Connection refused - Connection refused connecting to http://archive.apache.org/dist/tomcat/tomcat-7/v7.0.27/bin/apache-tomcat-7.0.27.tar.gz, giving up
I, [2016-09-08T15:09:20.112067 #9188]  INFO -- default-centos-67: [2016-09-08T09:39:20+00:00] FATAL: Chef::Exceptions::ChildConvergeError: Chef run process exited unsuccessfully (exit code 1)
E, [2016-09-08T15:09:20.545654 #9188] ERROR -- default-centos-67: Converge failed on instance <default-centos-67>.
E, [2016-09-08T15:09:20.545654 #9188] ERROR -- default-centos-67: ------Exception-------
E, [2016-09-08T15:09:20.545654 #9188] ERROR -- default-centos-67: Class: Kitchen::ActionFailed
E, [2016-09-08T15:09:20.545654 #9188] ERROR -- default-centos-67: Message: SSH exited (1) for command: [sh -c '
sudo -E /opt/chef/bin/chef-client --local-mode --config /tmp/kitchen/client.rb --log_level auto --force-formatter --no-color --json-attributes /tmp/kitchen/dna.json --chef-zero-port 8889 
']
E, [2016-09-08T15:09:20.545654 #9188] ERROR -- default-centos-67: ----------------------
E, [2016-09-08T15:09:20.545654 #9188] ERROR -- default-centos-67: ------Backtrace-------
E, [2016-09-08T15:09:20.546154 #9188] ERROR -- default-centos-67: C:/opscode/chefdk/embedded/lib/ruby/gems/2.1.0/gems/test-kitchen-1.10.2/lib/kitchen/provisioner/base.rb:86:in `rescue in call'
E, [2016-09-08T15:09:20.546154 #9188] ERROR -- default-centos-67: C:/opscode/chefdk/embedded/lib/ruby/gems/2.1.0/gems/test-kitchen-1.10.2/lib/kitchen/provisioner/base.rb:89:in `call'
E, [2016-09-08T15:09:20.546154 #9188] ERROR -- default-centos-67: C:/opscode/chefdk/embedded/lib/ruby/gems/2.1.0/gems/test-kitchen-1.10.2/lib/kitchen/instance.rb:373:in `block in converge_action'
E, [2016-09-08T15:09:20.546154 #9188] ERROR -- default-centos-67: C:/opscode/chefdk/embedded/lib/ruby/gems/2.1.0/gems/test-kitchen-1.10.2/lib/kitchen/instance.rb:513:in `call'
E, [2016-09-08T15:09:20.546154 #9188] ERROR -- default-centos-67: C:/opscode/chefdk/embedded/lib/ruby/gems/2.1.0/gems/test-kitchen-1.10.2/lib/kitchen/instance.rb:513:in `synchronize_or_call'
E, [2016-09-08T15:09:20.546154 #9188] ERROR -- default-centos-67: C:/opscode/chefdk/embedded/lib/ruby/gems/2.1.0/gems/test-kitchen-1.10.2/lib/kitchen/instance.rb:478:in `block in action'
E, [2016-09-08T15:09:20.546154 #9188] ERROR -- default-centos-67: C:/opscode/chefdk/embedded/lib/ruby/2.1.0/benchmark.rb:279:in `measure'
E, [2016-09-08T15:09:20.546154 #9188] ERROR -- default-centos-67: C:/opscode/chefdk/embedded/lib/ruby/gems/2.1.0/gems/test-kitchen-1.10.2/lib/kitchen/instance.rb:477:in `action'
E, [2016-09-08T15:09:20.546154 #9188] ERROR -- default-centos-67: C:/opscode/chefdk/embedded/lib/ruby/gems/2.1.0/gems/test-kitchen-1.10.2/lib/kitchen/instance.rb:369:in `converge_action'
E, [2016-09-08T15:09:20.546154 #9188] ERROR -- default-centos-67: C:/opscode/chefdk/embedded/lib/ruby/gems/2.1.0/gems/test-kitchen-1.10.2/lib/kitchen/instance.rb:348:in `block in transition_to'
E, [2016-09-08T15:09:20.546654 #9188] ERROR -- default-centos-67: C:/opscode/chefdk/embedded/lib/ruby/gems/2.1.0/gems/test-kitchen-1.10.2/lib/kitchen/instance.rb:347:in `each'
E, [2016-09-08T15:09:20.546654 #9188] ERROR -- default-centos-67: C:/opscode/chefdk/embedded/lib/ruby/gems/2.1.0/gems/test-kitchen-1.10.2/lib/kitchen/instance.rb:347:in `transition_to'
E, [2016-09-08T15:09:20.546654 #9188] ERROR -- default-centos-67: C:/opscode/chefdk/embedded/lib/ruby/gems/2.1.0/gems/test-kitchen-1.10.2/lib/kitchen/instance.rb:160:in `verify'
E, [2016-09-08T15:09:20.546654 #9188] ERROR -- default-centos-67: C:/opscode/chefdk/embedded/lib/ruby/gems/2.1.0/gems/test-kitchen-1.10.2/lib/kitchen/command.rb:201:in `public_send'
E, [2016-09-08T15:09:20.546654 #9188] ERROR -- default-centos-67: C:/opscode/chefdk/embedded/lib/ruby/gems/2.1.0/gems/test-kitchen-1.10.2/lib/kitchen/command.rb:201:in `run_action_in_thread'
E, [2016-09-08T15:09:20.546654 #9188] ERROR -- default-centos-67: C:/opscode/chefdk/embedded/lib/ruby/gems/2.1.0/gems/test-kitchen-1.10.2/lib/kitchen/command.rb:173:in `block (2 levels) in run_action'
E, [2016-09-08T15:09:20.546654 #9188] ERROR -- default-centos-67: ----End Backtrace-----
E, [2016-09-08T15:09:20.546654 #9188] ERROR -- default-centos-67: ---Nested Exception---
E, [2016-09-08T15:09:20.546654 #9188] ERROR -- default-centos-67: Class: Kitchen::Transport::SshFailed
E, [2016-09-08T15:09:20.546654 #9188] ERROR -- default-centos-67: Message: SSH exited (1) for command: [sh -c '
sudo -E /opt/chef/bin/chef-client --local-mode --config /tmp/kitchen/client.rb --log_level auto --force-formatter --no-color --json-attributes /tmp/kitchen/dna.json --chef-zero-port 8889 
']
E, [2016-09-08T15:09:20.547154 #9188] ERROR -- default-centos-67: ----------------------
E, [2016-09-08T15:09:20.547154 #9188] ERROR -- default-centos-67: ------Backtrace-------
E, [2016-09-08T15:09:20.547154 #9188] ERROR -- default-centos-67: C:/opscode/chefdk/embedded/lib/ruby/gems/2.1.0/gems/test-kitchen-1.10.2/lib/kitchen/provisioner/base.rb:86:in `rescue in call'
E, [2016-09-08T15:09:20.547154 #9188] ERROR -- default-centos-67: C:/opscode/chefdk/embedded/lib/ruby/gems/2.1.0/gems/test-kitchen-1.10.2/lib/kitchen/provisioner/base.rb:89:in `call'
E, [2016-09-08T15:09:20.547154 #9188] ERROR -- default-centos-67: C:/opscode/chefdk/embedded/lib/ruby/gems/2.1.0/gems/test-kitchen-1.10.2/lib/kitchen/instance.rb:373:in `block in converge_action'
E, [2016-09-08T15:09:20.547154 #9188] ERROR -- default-centos-67: C:/opscode/chefdk/embedded/lib/ruby/gems/2.1.0/gems/test-kitchen-1.10.2/lib/kitchen/instance.rb:513:in `call'
E, [2016-09-08T15:09:20.547154 #9188] ERROR -- default-centos-67: C:/opscode/chefdk/embedded/lib/ruby/gems/2.1.0/gems/test-kitchen-1.10.2/lib/kitchen/instance.rb:513:in `synchronize_or_call'
E, [2016-09-08T15:09:20.547154 #9188] ERROR -- default-centos-67: C:/opscode/chefdk/embedded/lib/ruby/gems/2.1.0/gems/test-kitchen-1.10.2/lib/kitchen/instance.rb:478:in `block in action'
E, [2016-09-08T15:09:20.547154 #9188] ERROR -- default-centos-67: C:/opscode/chefdk/embedded/lib/ruby/2.1.0/benchmark.rb:279:in `measure'
E, [2016-09-08T15:09:20.547154 #9188] ERROR -- default-centos-67: C:/opscode/chefdk/embedded/lib/ruby/gems/2.1.0/gems/test-kitchen-1.10.2/lib/kitchen/instance.rb:477:in `action'
E, [2016-09-08T15:09:20.547654 #9188] ERROR -- default-centos-67: C:/opscode/chefdk/embedded/lib/ruby/gems/2.1.0/gems/test-kitchen-1.10.2/lib/kitchen/instance.rb:369:in `converge_action'
E, [2016-09-08T15:09:20.547654 #9188] ERROR -- default-centos-67: C:/opscode/chefdk/embedded/lib/ruby/gems/2.1.0/gems/test-kitchen-1.10.2/lib/kitchen/instance.rb:348:in `block in transition_to'
E, [2016-09-08T15:09:20.547654 #9188] ERROR -- default-centos-67: C:/opscode/chefdk/embedded/lib/ruby/gems/2.1.0/gems/test-kitchen-1.10.2/lib/kitchen/instance.rb:347:in `each'
E, [2016-09-08T15:09:20.547654 #9188] ERROR -- default-centos-67: C:/opscode/chefdk/embedded/lib/ruby/gems/2.1.0/gems/test-kitchen-1.10.2/lib/kitchen/instance.rb:347:in `transition_to'
E, [2016-09-08T15:09:20.547654 #9188] ERROR -- default-centos-67: C:/opscode/chefdk/embedded/lib/ruby/gems/2.1.0/gems/test-kitchen-1.10.2/lib/kitchen/instance.rb:160:in `verify'
E, [2016-09-08T15:09:20.547654 #9188] ERROR -- default-centos-67: C:/opscode/chefdk/embedded/lib/ruby/gems/2.1.0/gems/test-kitchen-1.10.2/lib/kitchen/command.rb:201:in `public_send'
E, [2016-09-08T15:09:20.547654 #9188] ERROR -- default-centos-67: C:/opscode/chefdk/embedded/lib/ruby/gems/2.1.0/gems/test-kitchen-1.10.2/lib/kitchen/command.rb:201:in `run_action_in_thread'
E, [2016-09-08T15:09:20.547654 #9188] ERROR -- default-centos-67: C:/opscode/chefdk/embedded/lib/ruby/gems/2.1.0/gems/test-kitchen-1.10.2/lib/kitchen/command.rb:173:in `block (2 levels) in run_action'
E, [2016-09-08T15:09:20.547654 #9188] ERROR -- default-centos-67: ----End Backtrace-----
